<?xml version="1.0" encoding="UTF-8"?>
<!-- Generated by org.testng.reporters.JUnitReportReporter -->
<testsuite hostname="Jaykishan-PC" name="com.Flipkart.Electonics.Mobile.MobilePhonesIndex" tests="1" failures="0" timestamp="7 May 2020 09:05:33 GMT" time="40.036" errors="0">
  <testcase name="mobile" time="40.036" classname="com.Flipkart.Electonics.Mobile.MobilePhonesIndex"/>
</testsuite> <!-- com.Flipkart.Electonics.Mobile.MobilePhonesIndex -->
