<?xml version="1.0" encoding="UTF-8"?>
<!-- Generated by org.testng.reporters.JUnitReportReporter -->
<testsuite hostname="Jaykishan-PC" name="com.Flipkart.Electonics.Mobile.MobilePhonesIndex" tests="1" failures="0" timestamp="7 May 2020 03:32:42 GMT" time="56.510" errors="0">
  <testcase name="mobile" time="56.510" classname="com.Flipkart.Electonics.Mobile.MobilePhonesIndex"/>
</testsuite> <!-- com.Flipkart.Electonics.Mobile.MobilePhonesIndex -->
