<?xml version="1.0" encoding="UTF-8"?>
<!-- Generated by org.testng.reporters.JUnitReportReporter -->
<testsuite skipped="0" hostname="Jaykishan-PC" name="com.Flipkart.Electonics.Mobile.MobilePhonesIndex" tests="1" failures="0" timestamp="06 May 2020 12:07:13 GMT" time="117.166" errors="0">
  <testcase name="mobile" time="117.166" classname="com.Flipkart.Electonics.Mobile.MobilePhonesIndex"/>
</testsuite> <!-- com.Flipkart.Electonics.Mobile.MobilePhonesIndex -->
